<?xml version="1.0" encoding="UTF-8"?>
<testng-results ignored="2" total="3" passed="1" failed="0" skipped="0">
  <reporter-output>
  </reporter-output>
  <suite started-at="2023-02-06T16:54:34 CET" name="Default suite" finished-at="2023-02-06T16:54:46 CET" duration-ms="12113">
    <groups>
    </groups>
    <test started-at="2023-02-06T16:54:34 CET" name="Default test" finished-at="2023-02-06T16:54:46 CET" duration-ms="12113">
      <class name="TestingAutomation.TestingTopSop.TopSopAutomationJava">
        <test-method is-config="true" signature="BeforeMetod()[pri:0, instance:TestingAutomation.TestingTopSop.TopSopAutomationJava@1e04fa0a]" started-at="2023-02-06T16:54:34 CET" name="BeforeMetod" finished-at="2023-02-06T16:54:37 CET" duration-ms="3184" status="PASS">
          <reporter-output>
          </reporter-output>
        </test-method> <!-- BeforeMetod -->
        <test-method signature="InvalidLogin()[pri:0, instance:TestingAutomation.TestingTopSop.TopSopAutomationJava@1e04fa0a]" started-at="2023-02-06T16:54:37 CET" name="InvalidLogin" finished-at="2023-02-06T16:54:46 CET" duration-ms="8567" status="PASS">
          <reporter-output>
          </reporter-output>
        </test-method> <!-- InvalidLogin -->
        <test-method is-config="true" signature="AfterMethod()[pri:0, instance:TestingAutomation.TestingTopSop.TopSopAutomationJava@1e04fa0a]" started-at="2023-02-06T16:54:46 CET" name="AfterMethod" finished-at="2023-02-06T16:54:46 CET" duration-ms="303" status="PASS">
          <reporter-output>
          </reporter-output>
        </test-method> <!-- AfterMethod -->
      </class> <!-- TestingAutomation.TestingTopSop.TopSopAutomationJava -->
    </test> <!-- Default test -->
  </suite> <!-- Default suite -->
</testng-results>
