<?xml version="1.0" encoding="UTF-8"?>
<testng-results ignored="5" total="6" passed="1" failed="0" skipped="0">
  <reporter-output>
  </reporter-output>
  <suite started-at="2023-02-07T15:26:13 CET" name="Default suite" finished-at="2023-02-07T15:27:00 CET" duration-ms="46764">
    <groups>
    </groups>
    <test started-at="2023-02-07T15:26:13 CET" name="Default test" finished-at="2023-02-07T15:27:00 CET" duration-ms="46764">
      <class name="TestingAutomation.TestingTopSop.TopSopAutomationJava">
        <test-method is-config="true" signature="BeforeMetod()[pri:0, instance:TestingAutomation.TestingTopSop.TopSopAutomationJava@618425b5]" started-at="2023-02-07T15:26:13 CET" name="BeforeMetod" finished-at="2023-02-07T15:26:16 CET" duration-ms="3141" status="PASS">
          <reporter-output>
          </reporter-output>
        </test-method> <!-- BeforeMetod -->
        <test-method signature="PickProductFromOsnovniProizvodi()[pri:0, instance:TestingAutomation.TestingTopSop.TopSopAutomationJava@618425b5]" started-at="2023-02-07T15:26:16 CET" name="PickProductFromOsnovniProizvodi" finished-at="2023-02-07T15:26:59 CET" duration-ms="43278" status="PASS">
          <reporter-output>
          </reporter-output>
        </test-method> <!-- PickProductFromOsnovniProizvodi -->
        <test-method is-config="true" signature="AfterMethod()[pri:0, instance:TestingAutomation.TestingTopSop.TopSopAutomationJava@618425b5]" started-at="2023-02-07T15:26:59 CET" name="AfterMethod" finished-at="2023-02-07T15:27:00 CET" duration-ms="299" status="PASS">
          <reporter-output>
          </reporter-output>
        </test-method> <!-- AfterMethod -->
      </class> <!-- TestingAutomation.TestingTopSop.TopSopAutomationJava -->
    </test> <!-- Default test -->
  </suite> <!-- Default suite -->
</testng-results>
