<?xml version="1.0" encoding="UTF-8"?>
<!-- Generated by org.testng.reporters.JUnitXMLReporter -->
<testsuite ignored="3" hostname="DESKTOP-IRACKMV" failures="0" tests="1" name="Default test" time="20.611" errors="0" timestamp="2023-02-07T11:44:16 CET">
  <testcase classname="TestingAutomation.TestingTopSop.TopSopAutomationJava" name="MlecniProizvodiCheck" time="17.177"/>
  <testcase classname="TestingAutomation.TestingTopSop.TopSopAutomationJava" name="EndToEndTestBelow600Den" time="0.0">
    <ignored/>
  </testcase> <!-- EndToEndTestBelow600Den -->
  <testcase classname="TestingAutomation.TestingTopSop.TopSopAutomationJava" name="EndToEndTestIfNaplataCanBeProcesed" time="0.0">
    <ignored/>
  </testcase> <!-- EndToEndTestIfNaplataCanBeProcesed -->
  <testcase classname="TestingAutomation.TestingTopSop.TopSopAutomationJava" name="InvalidLoginCheck" time="0.0">
    <ignored/>
  </testcase> <!-- InvalidLoginCheck -->
</testsuite> <!-- Default test -->
