<?xml version="1.0" encoding="UTF-8"?>
<!-- Generated by org.testng.reporters.JUnitXMLReporter -->
<testsuite ignored="2" hostname="DESKTOP-IRACKMV" failures="0" tests="1" name="Default test" time="12.113" errors="0" timestamp="2023-02-06T16:54:46 CET">
  <testcase classname="TestingAutomation.TestingTopSop.TopSopAutomationJava" name="InvalidLogin" time="8.567"/>
  <testcase classname="TestingAutomation.TestingTopSop.TopSopAutomationJava" name="EndToEndTestBelow600Den" time="0.0">
    <ignored/>
  </testcase> <!-- EndToEndTestBelow600Den -->
  <testcase classname="TestingAutomation.TestingTopSop.TopSopAutomationJava" name="EndToEndTestIfNaplataCanBeProcesed" time="0.0">
    <ignored/>
  </testcase> <!-- EndToEndTestIfNaplataCanBeProcesed -->
</testsuite> <!-- Default test -->
